<?xml version="1.0" encoding="UTF-8"?>
<!-- Generated by org.testng.reporters.JUnitReportReporter -->
<testsuite hostname="Artur-Komputer" name="example.NewTest" tests="1" failures="0" timestamp="2 Nov 2017 20:49:11 GMT" time="4.292" errors="0">
  <testcase name="testEasy" time="4.292" classname="example.NewTest"/>
</testsuite> <!-- example.NewTest -->
